time="2018-06-07T02:30:06Z" level=info msg="{data}[init] Loading Data..."
time="2018-06-07T02:30:06Z" level=info msg="{data}[init] ObjData: map[Tank:{Tank Player Box [1.8 2 1.8] 1} Shell:{Shell Skill Capsule [0.15 0.55] 0.3}]"
time="2018-06-07T02:30:06Z" level=debug msg="ode Init"
Daniel's Version ODE
UserInfo  is register.
RegistInput  is register.
Listen on :8080
time="2018-06-07T02:30:24Z" level=info msg="Login:UserName:\"qq\" Pswd:\"qq\" "
time="2018-06-07T02:30:24Z" level=debug msg="[User][Login]UserName:\"qq\" Uuid:223546154942476288 OwnCharacter:<key:223546154942480384 value:<Uuid:223546154942480384 CharacterType:\"Player\" Color:<R:33 G:15 B:199 > MaxHealth:100 Ability:<SPD:1 TSPD:1 > > > "
time="2018-06-07T02:30:24Z" level=debug msg="[GM Call]TargetId:223546154942476288 Func:\"GetAllRoomInfo\" "
time="2018-06-07T02:30:24Z" level=debug msg="Function INFO :TargetId:223546154942476288 Func:\"GetAllRoomInfo\" "
Client[ 223546154942476288 ] start CallMethod
time="2018-06-07T02:30:25Z" level=debug msg="[SEND]TimeStamp:1528338625668 Func:\"GetAllRoomInfo\" "
time="2018-06-07T02:30:27Z" level=debug msg="[RECIEVE]FromId:223546154942476288 Func:\"CreateNewRoom\" Param:<type_url:\"type.googleapis.com/msg.RoomInfo\" value:\"\\032\\004room\" > "
time="2018-06-07T02:30:27Z" level=debug msg="[GM Call]FromId:223546154942476288 Func:\"CreateNewRoom\" Param:<type_url:\"type.googleapis.com/msg.RoomInfo\" value:\"\\032\\004room\" > "
time="2018-06-07T02:30:27Z" level=debug msg="Function INFO :FromId:223546154942476288 Func:\"CreateNewRoom\" Param:<type_url:\"type.googleapis.com/msg.RoomInfo\" value:\"\\032\\004room\" > "
time="2018-06-07T02:30:27Z" level=info msg="[224545164943695872]Room is Create: Uuid:224545164943695872 GameType:\"room\" "
time="2018-06-07T02:30:27Z" level=debug msg="[SEND]TimeStamp:1528338627170 Func:\"GetAllRoomInfo\" Param:<type_url:\"type.googleapis.com/msg.RoomInfo\" value:\"\\010\\200\\300\\200\\304\\264\\324\\357\\216\\003\\032\\004room\" > "
time="2018-06-07T02:30:29Z" level=debug msg="[RECIEVE]TargetId:224545164943695872 FromId:223546154942476288 Func:\"EnterRoom\" "
time="2018-06-07T02:30:29Z" level=debug msg="[GM Call]TargetId:224545164943695872 FromId:223546154942476288 Func:\"EnterRoom\" "
time="2018-06-07T02:30:29Z" level=debug msg="Function INFO :TargetId:224545164943695872 FromId:223546154942476288 Func:\"EnterRoom\" "
time="2018-06-07T02:30:29Z" level=debug msg="{GM}[EnterRoom]Excute"
time="2018-06-07T02:30:29Z" level=debug msg="{Room}[EnterRoom]map[223546154942476288:UserName:\"qq\" Uuid:223546154942476288 OwnCharacter:<key:223546154942480384 value:<Uuid:223546154942480384 CharacterType:\"Player\" Color:<R:33 G:15 B:199 > MaxHealth:100 Ability:<SPD:1 TSPD:1 > > > ]"
time="2018-06-07T02:30:29Z" level=debug msg="[SEND]TimeStamp:1528338629179 Func:\"EnterRoom\" Param:<type_url:\"type.googleapis.com/msg.RoomInfo\" value:\"\\010\\200\\300\\200\\304\\264\\324\\357\\216\\003\\032\\004room*T\\010\\200\\340\\200\\242\\262\\301\\214\\215\\003\\022H\\n\\002qq\\020\\200\\340\\200\\242\\262\\301\\214\\215\\003\\0328\\010\\200\\200\\201\\242\\262\\301\\214\\215\\003\\022,\\010\\200\\200\\201\\242\\262\\301\\214\\215\\003\\022\\006Player\\\"\\007\\010!\\020\\017\\030\\307\\001:\\n\\035\\000\\000\\200?5\\000\\000\\200?U\\000\\000\\310B2\\014\\010\\200\\340\\200\\242\\262\\301\\214\\215\\003\\020\\000\" > "
time="2018-06-07T02:30:30Z" level=debug msg="[RECIEVE]TargetId:224545164943695872 FromId:223546154942476288 Func:\"ReadyRoom\" "
time="2018-06-07T02:30:30Z" level=debug msg="[GM Call]TargetId:224545164943695872 FromId:223546154942476288 Func:\"ReadyRoom\" "
time="2018-06-07T02:30:30Z" level=debug msg="Function INFO :TargetId:224545164943695872 FromId:223546154942476288 Func:\"ReadyRoom\" "
time="2018-06-07T02:30:30Z" level=info msg="{GM}[ReadyRoom]User [223546154942476288] is ready in [224545164943695872] Room"
time="2018-06-07T02:30:30Z" level=debug msg="{Room}[Ready]:223546154942476288 is ready "
time="2018-06-07T02:30:30Z" level=debug msg="{room}[Run]:start"
time="2018-06-07T02:30:30Z" level=debug msg="[RoomInfo.UserInRoom]223546154942476288 UserName:\"qq\" Uuid:223546154942476288 OwnCharacter:<key:223546154942480384 value:<Uuid:223546154942480384 CharacterType:\"Player\" Color:<R:33 G:15 B:199 > MaxHealth:100 Ability:<SPD:1 TSPD:1 > > > "
time="2018-06-07T02:30:30Z" level=debug msg="{physic}[Addbody] Id:223546154942480384"
time="2018-06-07T02:30:30Z" level=debug msg="[Room]{CreateEnemies}"
time="2018-06-07T02:30:30Z" level=debug msg="[Room]{CreateEnemy}"
time="2018-06-07T02:30:30Z" level=debug msg="{physic}[Addbody] Id:224545177346265088"
time="2018-06-07T02:30:30Z" level=debug msg="[Room]{CreateEnemy}"
time="2018-06-07T02:30:30Z" level=debug msg="{physic}[Addbody] Id:224545177346265089"
time="2018-06-07T02:30:30Z" level=debug msg="[Room]{CreateEnemy}"
time="2018-06-07T02:30:30Z" level=debug msg="{physic}[Addbody] Id:224545177346265090"
time="2018-06-07T02:30:30Z" level=debug msg="[Room]{CreateEnemy}"
time="2018-06-07T02:30:30Z" level=debug msg="{physic}[Addbody] Id:224545177346265091"
time="2018-06-07T02:30:30Z" level=debug msg="[Room]{CreateEnemy}"
time="2018-06-07T02:30:30Z" level=debug msg="{physic}[Addbody] Id:224545177346265092"
time="2018-06-07T02:30:30Z" level=debug msg="[SEND]TimeStamp:1528338630127 Func:\"CreateEntity\" FromPos:<Position:<X:6.6982584306956525 Y:28.192581634880796 Z:1 > Rotation:<W:1 > > Param:<type_url:\"type.googleapis.com/msg.Character\" value:\"\\010\\200\\200\\201\\242\\262\\301\\214\\215\\003\\022\\006Player\\\"\\007\\010!\\020\\017\\030\\307\\001:\\n\\035\\000\\000\\200?5\\000\\000\\200?U\\000\\000\\310B\" > "
time="2018-06-07T02:30:30Z" level=debug msg="[SEND]TimeStamp:1528338630127 Func:\"CreateEntity\" FromPos:<Position:<X:10.531843405983388 Y:-3.986292020033268 Z:1 > Rotation:<W:1 > > Param:<type_url:\"type.googleapis.com/msg.Character\" value:\"\\010\\200\\240\\201\\336\\342\\324\\357\\216\\003\\022\\005Enemy\\\"\\003\\030\\377\\001U\\000\\000zD\" > "
time="2018-06-07T02:30:30Z" level=debug msg="[SEND]TimeStamp:1528338630127 Func:\"CreateEntity\" FromPos:<Position:<X:-4.823200187438996 Y:11.956676663495003 Z:1 > Rotation:<W:1 > > Param:<type_url:\"type.googleapis.com/msg.Character\" value:\"\\010\\201\\240\\201\\336\\342\\324\\357\\216\\003\\022\\005Enemy\\\"\\003\\030\\377\\001U\\000\\000zD\" > "
time="2018-06-07T02:30:30Z" level=debug msg="[SEND]TimeStamp:1528338630127 Func:\"CreateEntity\" FromPos:<Position:<X:-27.79923077008152 Y:-21.98276769710136 Z:1 > Rotation:<W:1 > > Param:<type_url:\"type.googleapis.com/msg.Character\" value:\"\\010\\202\\240\\201\\336\\342\\324\\357\\216\\003\\022\\005Enemy\\\"\\003\\030\\377\\001U\\000\\000zD\" > "
time="2018-06-07T02:30:30Z" level=debug msg="[SEND]TimeStamp:1528338630127 Func:\"CreateEntity\" FromPos:<Position:<X:-25.793950789472987 Y:-12.741640922541627 Z:1 > Rotation:<W:1 > > Param:<type_url:\"type.googleapis.com/msg.Character\" value:\"\\010\\203\\240\\201\\336\\342\\324\\357\\216\\003\\022\\005Enemy\\\"\\003\\030\\377\\001U\\000\\000zD\" > "
time="2018-06-07T02:30:30Z" level=debug msg="[SEND]TimeStamp:1528338630127 Func:\"CreateEntity\" FromPos:<Position:<X:0.9736082241321853 Y:20.072957503366197 Z:1 > Rotation:<W:1 > > Param:<type_url:\"type.googleapis.com/msg.Character\" value:\"\\010\\204\\240\\201\\336\\342\\324\\357\\216\\003\\022\\005Enemy\\\"\\003\\030\\377\\001U\\000\\000zD\" > "
time="2018-06-07T02:30:30Z" level=debug msg="[SEND]TimeStamp:1528338630127 Func:\"StartRoom\" "
Client[ 223546154942476288 ] start postion sync
time="2018-06-07T02:30:30Z" level=warning msg="[grpc]{SyncPos} Send package Delay386"
time="2018-06-07T02:30:30Z" level=warning msg="[grpc]{SyncPos} Send package Delay326"
time="2018-06-07T02:30:30Z" level=warning msg="[grpc]{SyncPos} Send package Delay267"
time="2018-06-07T02:30:30Z" level=warning msg="[grpc]{SyncPos} Send package Delay207"
time="2018-06-07T02:30:30Z" level=warning msg="[grpc]{SyncPos} Send package Delay147"
time="2018-06-07T02:30:30Z" level=warning msg="[grpc]{SyncPos} Send package Delay87"
time="2018-06-07T02:30:30Z" level=warning msg="[grpc]{SyncPos} Send package Delay27"
time="2018-06-07T02:30:33Z" level=debug msg="[grpc]{SyncPos}Recv:UserId:223546154942476288 H_Movement:-0.28453013 TimeStamp:1528338634369  [Delay]-0.994836333(s)"
time="2018-06-07T02:30:33Z" level=debug msg="[grpc]{SyncPos}Recv:UserId:223546154942476288 H_Movement:-0.510782 TimeStamp:1528338634436  [Delay]-0.927812797(s)"
time="2018-06-07T02:30:33Z" level=debug msg="[grpc]{SyncPos}Recv:UserId:223546154942476288 H_Movement:-0.23877048 TimeStamp:1528338634526  [Delay]-0.958170267(s)"
time="2018-06-07T02:30:33Z" level=debug msg="[grpc]{SyncPos}Recv:UserId:223546154942476288 TimeStamp:1528338634611  [Delay]-0.940532651(s)"
time="2018-06-07T02:30:34Z" level=debug msg="[grpc]{SyncPos}Recv:UserId:223546154942476288 H_Movement:0.3372044 TimeStamp:1528338635583  [Delay]-0.969632471(s)"
time="2018-06-07T02:30:34Z" level=debug msg="[grpc]{SyncPos}Recv:UserId:223546154942476288 H_Movement:0.6036374 TimeStamp:1528338635673  [Delay]-0.964499755(s)"
time="2018-06-07T02:30:34Z" level=debug msg="[grpc]{SyncPos}Recv:UserId:223546154942476288 H_Movement:0.37205863 TimeStamp:1528338635748  [Delay]-0.972534339(s)"
time="2018-06-07T02:30:34Z" level=debug msg="[grpc]{SyncPos}Recv:UserId:223546154942476288 H_Movement:0.12365052 TimeStamp:1528338635833  [Delay]-0.943117435(s)"
time="2018-06-07T02:30:34Z" level=debug msg="[grpc]{SyncPos}Recv:UserId:223546154942476288 H_Movement:0.47567347 TimeStamp:1528338635952  [Delay]-0.955360536(s)"
time="2018-06-07T02:30:35Z" level=debug msg="[grpc]{SyncPos}Recv:UserId:223546154942476288 H_Movement:0.17472497 TimeStamp:1528338636051  [Delay]-0.914283027(s)"
time="2018-06-07T02:30:35Z" level=debug msg="[grpc]{SyncPos}Recv:UserId:223546154942476288 TimeStamp:1528338636153  [Delay]-0.907730613(s)"
time="2018-06-07T02:30:35Z" level=debug msg="[grpc]{SyncPos}Recv:UserId:223546154942476288 H_Movement:0.3346541 TimeStamp:1528338636857  [Delay]-0.943321881(s)"
time="2018-06-07T02:30:36Z" level=debug msg="[grpc]{SyncPos}Recv:UserId:223546154942476288 H_Movement:0.64098704 TimeStamp:1528338636957  [Delay]-0.934829646(s)"
time="2018-06-07T02:30:36Z" level=debug msg="[grpc]{SyncPos}Recv:UserId:223546154942476288 H_Movement:0.27810016 TimeStamp:1528338637077  [Delay]-0.8983949(s)"
time="2018-06-07T02:30:36Z" level=debug msg="[grpc]{SyncPos}Recv:UserId:223546154942476288 H_Movement:0.03638041 TimeStamp:1528338637159  [Delay]-0.89511316(s)"
time="2018-06-07T02:30:36Z" level=debug msg="[grpc]{SyncPos}Recv:UserId:223546154942476288 TimeStamp:1528338637263  [Delay]-0.943799116(s)"
time="2018-06-07T02:30:38Z" level=debug msg="[RECIEVE]TargetId:223546154942480384 TimeStamp:1528338638995 Func:\"Entity\" Param:<type_url:\"type.googleapis.com/msg.CallFuncInfo\" value:\"2\\005ShootM\\037\\303wA\" > "
time="2018-06-07T02:30:38Z" level=debug msg="[GM Call]TargetId:223546154942480384 TimeStamp:1528338638995 Func:\"Entity\" Param:<type_url:\"type.googleapis.com/msg.CallFuncInfo\" value:\"2\\005ShootM\\037\\303wA\" > "
time="2018-06-07T02:30:38Z" level=debug msg="Function INFO :TargetId:223546154942480384 TimeStamp:1528338638995 Func:\"Entity\" Param:<type_url:\"type.googleapis.com/msg.CallFuncInfo\" value:\"2\\005ShootM\\037\\303wA\" > "
time="2018-06-07T02:30:38Z" level=debug msg="[entity]{Shoot}Func:\"Shoot\" Value:15.485137 "
time="2018-06-07T02:30:38Z" level=debug msg="{physic}[Addbody] Id:224545210523209728"
time="2018-06-07T02:30:38Z" level=debug msg="{Player}[Shoot]Uuid:224545210523209728 CharacterType:\"Shell\" "
time="2018-06-07T02:30:38Z" level=debug msg="[gm]{Entity}call functionTargetId:223546154942480384 TimeStamp:1528338638995 Func:\"Entity\" Param:<type_url:\"type.googleapis.com/msg.CallFuncInfo\" value:\"2\\005ShootM\\037\\303wA\" > "
time="2018-06-07T02:30:38Z" level=debug msg="[SEND]TimeStamp:1528338638038 Func:\"CreateShell\" FromPos:<Position:<X:8.10329102960191 Y:28.48749417817317 Z:2.6911309984600202 > Rotation:<X:0.4051210401081911 W:0.9142630599896605 > > Param:<type_url:\"type.googleapis.com/msg.Character\" value:\"\\010\\200\\240\\201\\252\\336\\325\\357\\216\\003\\022\\005Shell\" > "
time="2018-06-07T02:30:38Z" level=debug msg="[Shell]{explode}"
time="2018-06-07T02:30:38Z" level=debug msg="&{224545177346265092 Player Tank 848} is damage "
time="2018-06-07T02:30:38Z" level=debug msg="[obj]{Destroy} Space:<nil>"
time="2018-06-07T02:30:38Z" level=debug msg="[SEND]TargetId:224545177346265092 TimeStamp:1528338638738 Func:\"DestroyEntity\" "
